2025-09-29 21:50:35,327 - INFO - Iniciando treinamento do modelo...
2025-09-29 21:50:35,329 - INFO - Criando dados de treinamento...
2025-09-29 21:50:35,501 - INFO - Acurácia do modelo: 0.857
2025-09-29 21:50:35,508 - INFO - Relatório de classificação:
              precision    recall  f1-score   support

  COMPATIVEL       1.00      0.50      0.67         2
    ORIGINAL       0.83      1.00      0.91         5

    accuracy                           0.86         7
   macro avg       0.92      0.75      0.79         7
weighted avg       0.88      0.86      0.84         7

2025-09-29 21:50:38,901 - INFO - Fazendo predições...
2025-09-29 21:50:38,969 - INFO - Analisando níveis de risco...
2025-09-29 21:50:39,058 - INFO - Modelo salvo em resultados/modelo_deteccao_pirataria.pkl
2025-09-29 21:51:10,701 - INFO - Iniciando treinamento do modelo...
2025-09-29 21:51:10,702 - INFO - Criando dados de treinamento...
2025-09-29 21:51:10,836 - INFO - Acurácia do modelo: 0.857
2025-09-29 21:51:10,842 - INFO - Relatório de classificação:
              precision    recall  f1-score   support

  COMPATIVEL       1.00      0.50      0.67         2
    ORIGINAL       0.83      1.00      0.91         5

    accuracy                           0.86         7
   macro avg       0.92      0.75      0.79         7
weighted avg       0.88      0.86      0.84         7

2025-09-29 21:51:24,814 - INFO - Fazendo predições...
2025-09-29 21:51:24,880 - INFO - Analisando níveis de risco...
2025-09-29 21:51:24,922 - INFO - Modelo salvo em resultados/modelo_deteccao_pirataria.pkl
2025-09-29 21:52:16,595 - INFO - Iniciando treinamento do modelo...
2025-09-29 21:52:16,595 - INFO - Criando dados de treinamento...
2025-09-29 21:52:16,709 - INFO - Acurácia do modelo: 0.857
2025-09-29 21:52:16,715 - INFO - Relatório de classificação:
              precision    recall  f1-score   support

  COMPATIVEL       1.00      0.50      0.67         2
    ORIGINAL       0.83      1.00      0.91         5

    accuracy                           0.86         7
   macro avg       0.92      0.75      0.79         7
weighted avg       0.88      0.86      0.84         7

2025-09-29 21:52:33,836 - INFO - Fazendo predições...
2025-09-29 21:52:33,916 - INFO - Analisando níveis de risco...
2025-09-29 21:52:33,945 - INFO - Modelo salvo em resultados/modelo_deteccao_pirataria.pkl
2025-09-29 22:15:08,855 - INFO - Iniciando treinamento com GridSearch...
2025-09-29 22:15:08,856 - INFO - Criando dados de treinamento...
2025-09-29 22:15:08,880 - INFO - Tunando modelo: RandomForest
2025-09-29 22:16:14,172 - INFO - Iniciando treinamento com GridSearch...
2025-09-29 22:16:14,174 - INFO - Criando dados de treinamento...
2025-09-29 22:16:14,225 - INFO - Tunando modelo: RandomForest
2025-09-29 22:16:20,343 - INFO - RandomForest melhor params: {'max_depth': None, 'min_samples_split': 2, 'n_estimators': 100}
2025-09-29 22:16:20,344 - INFO - Acurácia no teste: 0.857
2025-09-29 22:16:20,344 - INFO - Tunando modelo: LogisticRegression
2025-09-29 22:16:20,559 - INFO - LogisticRegression melhor params: {'C': 0.1, 'solver': 'lbfgs'}
2025-09-29 22:16:20,560 - INFO - Acurácia no teste: 0.714
2025-09-29 22:16:20,560 - INFO - Treinamento com GridSearch finalizado.
2025-09-29 22:16:26,310 - INFO - Fazendo predições...
2025-09-29 22:16:26,383 - INFO - Analisando níveis de risco...
2025-09-29 22:16:26,434 - INFO - Modelo salvo em resultados/modelo_deteccao_pirataria.pkl
2025-09-29 22:19:32,737 - INFO - Iniciando treinamento com GridSearch...
2025-09-29 22:19:32,737 - INFO - Criando dados de treinamento...
2025-09-29 22:19:32,752 - INFO - Tunando modelo: RandomForest
2025-09-29 22:19:38,908 - INFO - RandomForest melhor params: {'max_depth': None, 'min_samples_split': 2, 'n_estimators': 100}
2025-09-29 22:19:38,909 - INFO - Acurácia no teste: 0.857
2025-09-29 22:19:38,910 - INFO - Tunando modelo: LogisticRegression
2025-09-29 22:19:39,045 - INFO - LogisticRegression melhor params: {'C': 0.1, 'solver': 'lbfgs'}
2025-09-29 22:19:39,046 - INFO - Acurácia no teste: 0.714
2025-09-29 22:19:39,047 - INFO - Treinamento com GridSearch finalizado.
2025-09-29 22:19:46,918 - INFO - Fazendo predições...
2025-09-29 22:19:46,955 - INFO - Analisando níveis de risco...
2025-09-29 22:19:47,035 - INFO - Modelo salvo em resultados/modelo_deteccao_pirataria.pkl
2025-09-29 22:22:55,220 - INFO - Iniciando treinamento com GridSearch...
2025-09-29 22:22:55,221 - INFO - Criando dados de treinamento...
2025-09-29 22:22:55,281 - INFO - Tunando modelo: RandomForest
2025-09-29 22:23:00,845 - INFO - RandomForest melhor params: {'max_depth': 10, 'min_samples_split': 5, 'n_estimators': 100}
2025-09-29 22:23:00,846 - INFO - Acurácia no teste: 0.940
2025-09-29 22:23:00,846 - INFO - Tunando modelo: LogisticRegression
2025-09-29 22:26:52,696 - INFO - Iniciando treinamento com GridSearch...
2025-09-29 22:26:52,696 - INFO - Criando dados de treinamento...
2025-09-29 22:26:52,712 - INFO - Tunando modelo: RandomForest
2025-09-29 22:26:57,846 - INFO - RandomForest melhor params: {'max_depth': None, 'min_samples_split': 2, 'n_estimators': 100}
2025-09-29 22:26:57,846 - INFO - Acurácia no teste: 0.857
2025-09-29 22:26:57,847 - INFO - Tunando modelo: LogisticRegression
2025-09-29 22:26:57,944 - INFO - LogisticRegression melhor params: {'C': 0.1, 'solver': 'lbfgs'}
2025-09-29 22:26:57,944 - INFO - Acurácia no teste: 0.714
2025-09-29 22:26:57,944 - INFO - Treinamento com GridSearch finalizado.
2025-09-29 22:27:26,299 - INFO - Fazendo predições...
2025-09-29 22:27:26,379 - INFO - Analisando níveis de risco...
2025-09-29 22:27:26,424 - INFO - Modelo salvo em resultados/modelo_deteccao_pirataria.pkl
2025-09-29 22:37:11,376 - INFO - Iniciando treinamento com GridSearch...
2025-09-29 22:37:11,376 - INFO - Criando dados de treinamento...
2025-09-29 22:37:11,424 - INFO - Tunando modelo: RandomForest
2025-09-29 22:37:17,035 - INFO - RandomForest melhor params: {'max_depth': None, 'min_samples_split': 2, 'n_estimators': 200}
2025-09-29 22:37:17,036 - INFO - Acurácia no teste: 0.950
2025-09-29 22:37:17,036 - INFO - Tunando modelo: LogisticRegression
2025-09-29 22:37:17,232 - INFO - LogisticRegression melhor params: {'C': 0.1, 'solver': 'lbfgs'}
2025-09-29 22:37:17,232 - INFO - Acurácia no teste: 0.900
2025-09-29 22:37:17,233 - INFO - Treinamento com GridSearch finalizado.
2025-09-29 22:37:27,626 - INFO - Fazendo predições...
2025-09-29 22:37:27,793 - INFO - Analisando níveis de risco...
2025-09-29 22:37:27,846 - INFO - Modelo salvo em resultados/modelo_deteccao_pirataria.pkl
2025-09-29 22:38:24,316 - INFO - Iniciando treinamento com GridSearch...
2025-09-29 22:38:24,317 - INFO - Criando dados de treinamento...
2025-09-29 22:38:24,348 - INFO - Tunando modelo: RandomForest
2025-09-29 22:38:28,996 - INFO - RandomForest melhor params: {'max_depth': None, 'min_samples_split': 2, 'n_estimators': 200}
2025-09-29 22:38:28,996 - INFO - Acurácia no teste: 0.950
2025-09-29 22:38:28,997 - INFO - Tunando modelo: LogisticRegression
2025-09-29 22:38:29,180 - INFO - LogisticRegression melhor params: {'C': 0.1, 'solver': 'lbfgs'}
2025-09-29 22:38:29,180 - INFO - Acurácia no teste: 0.900
2025-09-29 22:38:29,181 - INFO - Treinamento com GridSearch finalizado.
2025-09-29 22:39:01,391 - INFO - Fazendo predições...
2025-09-29 22:39:01,522 - INFO - Analisando níveis de risco...
2025-09-29 22:39:01,547 - INFO - Modelo salvo em resultados/modelo_deteccao_pirataria.pkl
